{"/Users/seth/projects/raven/backend/middleware/auth.js": {"path":"/Users/seth/projects/raven/backend/middleware/auth.js","statementMap":{"0":{"start":{"line":9,"column":19},"end":{"line":9,"column":84}},"1":{"start":{"line":10,"column":23},"end":{"line":10,"column":58}},"2":{"start":{"line":13,"column":22},"end":{"line":13,"column":57}},"3":{"start":{"line":19,"column":2},"end":{"line":27,"column":4}},"4":{"start":{"line":34,"column":2},"end":{"line":38,"column":3}},"5":{"start":{"line":35,"column":4},"end":{"line":35,"column":41}},"6":{"start":{"line":37,"column":4},"end":{"line":37,"column":16}},"7":{"start":{"line":46,"column":2},"end":{"line":49,"column":3}},"8":{"start":{"line":47,"column":4},"end":{"line":47,"column":67}},"9":{"start":{"line":48,"column":4},"end":{"line":48,"column":18}},"10":{"start":{"line":52,"column":21},"end":{"line":52,"column":46}},"11":{"start":{"line":53,"column":2},"end":{"line":55,"column":3}},"12":{"start":{"line":54,"column":4},"end":{"line":54,"column":79}},"13":{"start":{"line":57,"column":16},"end":{"line":59,"column":16}},"14":{"start":{"line":61,"column":18},"end":{"line":61,"column":36}},"15":{"start":{"line":62,"column":2},"end":{"line":64,"column":3}},"16":{"start":{"line":63,"column":4},"end":{"line":63,"column":71}},"17":{"start":{"line":66,"column":2},"end":{"line":66,"column":21}},"18":{"start":{"line":67,"column":2},"end":{"line":67,"column":9}},"19":{"start":{"line":74,"column":2},"end":{"line":92,"column":4}},"20":{"start":{"line":75,"column":4},"end":{"line":77,"column":5}},"21":{"start":{"line":76,"column":6},"end":{"line":76,"column":20}},"22":{"start":{"line":79,"column":4},"end":{"line":81,"column":5}},"23":{"start":{"line":80,"column":6},"end":{"line":80,"column":72}},"24":{"start":{"line":83,"column":4},"end":{"line":89,"column":5}},"25":{"start":{"line":84,"column":6},"end":{"line":88,"column":9}},"26":{"start":{"line":91,"column":4},"end":{"line":91,"column":11}},"27":{"start":{"line":99,"column":2},"end":{"line":102,"column":3}},"28":{"start":{"line":100,"column":4},"end":{"line":100,"column":70}},"29":{"start":{"line":101,"column":4},"end":{"line":101,"column":18}},"30":{"start":{"line":104,"column":16},"end":{"line":104,"column":85}},"31":{"start":{"line":106,"column":2},"end":{"line":108,"column":3}},"32":{"start":{"line":107,"column":4},"end":{"line":107,"column":54}},"33":{"start":{"line":110,"column":21},"end":{"line":110,"column":77}},"34":{"start":{"line":111,"column":18},"end":{"line":111,"column":41}},"35":{"start":{"line":113,"column":2},"end":{"line":115,"column":3}},"36":{"start":{"line":114,"column":4},"end":{"line":114,"column":55}},"37":{"start":{"line":117,"column":2},"end":{"line":117,"column":24}},"38":{"start":{"line":118,"column":2},"end":{"line":118,"column":9}}},"fnMap":{"0":{"name":"generateToken","decl":{"start":{"line":18,"column":16},"end":{"line":18,"column":29}},"loc":{"start":{"line":18,"column":36},"end":{"line":28,"column":1}},"line":18},"1":{"name":"verifyToken","decl":{"start":{"line":33,"column":16},"end":{"line":33,"column":27}},"loc":{"start":{"line":33,"column":35},"end":{"line":39,"column":1}},"line":33},"2":{"name":"authenticate","decl":{"start":{"line":44,"column":16},"end":{"line":44,"column":28}},"loc":{"start":{"line":44,"column":45},"end":{"line":68,"column":1}},"line":44},"3":{"name":"authorize","decl":{"start":{"line":73,"column":16},"end":{"line":73,"column":25}},"loc":{"start":{"line":73,"column":43},"end":{"line":93,"column":1}},"line":73},"4":{"name":"(anonymous_4)","decl":{"start":{"line":74,"column":9},"end":{"line":74,"column":10}},"loc":{"start":{"line":74,"column":29},"end":{"line":92,"column":3}},"line":74},"5":{"name":"authenticateSocket","decl":{"start":{"line":98,"column":16},"end":{"line":98,"column":34}},"loc":{"start":{"line":98,"column":49},"end":{"line":119,"column":1}},"line":98}},"branchMap":{"0":{"loc":{"start":{"line":9,"column":19},"end":{"line":9,"column":84}},"type":"binary-expr","locations":[{"start":{"line":9,"column":19},"end":{"line":9,"column":41}},{"start":{"line":9,"column":45},"end":{"line":9,"column":84}}],"line":9},"1":{"loc":{"start":{"line":10,"column":23},"end":{"line":10,"column":58}},"type":"binary-expr","locations":[{"start":{"line":10,"column":23},"end":{"line":10,"column":49}},{"start":{"line":10,"column":53},"end":{"line":10,"column":58}}],"line":10},"2":{"loc":{"start":{"line":23,"column":12},"end":{"line":23,"column":31}},"type":"binary-expr","locations":[{"start":{"line":23,"column":12},"end":{"line":23,"column":21}},{"start":{"line":23,"column":25},"end":{"line":23,"column":31}}],"line":23},"3":{"loc":{"start":{"line":46,"column":2},"end":{"line":49,"column":3}},"type":"if","locations":[{"start":{"line":46,"column":2},"end":{"line":49,"column":3}},{"start":{},"end":{}}],"line":46},"4":{"loc":{"start":{"line":53,"column":2},"end":{"line":55,"column":3}},"type":"if","locations":[{"start":{"line":53,"column":2},"end":{"line":55,"column":3}},{"start":{},"end":{}}],"line":53},"5":{"loc":{"start":{"line":57,"column":16},"end":{"line":59,"column":16}},"type":"cond-expr","locations":[{"start":{"line":58,"column":6},"end":{"line":58,"column":29}},{"start":{"line":59,"column":6},"end":{"line":59,"column":16}}],"line":57},"6":{"loc":{"start":{"line":62,"column":2},"end":{"line":64,"column":3}},"type":"if","locations":[{"start":{"line":62,"column":2},"end":{"line":64,"column":3}},{"start":{},"end":{}}],"line":62},"7":{"loc":{"start":{"line":75,"column":4},"end":{"line":77,"column":5}},"type":"if","locations":[{"start":{"line":75,"column":4},"end":{"line":77,"column":5}},{"start":{},"end":{}}],"line":75},"8":{"loc":{"start":{"line":79,"column":4},"end":{"line":81,"column":5}},"type":"if","locations":[{"start":{"line":79,"column":4},"end":{"line":81,"column":5}},{"start":{},"end":{}}],"line":79},"9":{"loc":{"start":{"line":83,"column":4},"end":{"line":89,"column":5}},"type":"if","locations":[{"start":{"line":83,"column":4},"end":{"line":89,"column":5}},{"start":{},"end":{}}],"line":83},"10":{"loc":{"start":{"line":99,"column":2},"end":{"line":102,"column":3}},"type":"if","locations":[{"start":{"line":99,"column":2},"end":{"line":102,"column":3}},{"start":{},"end":{}}],"line":99},"11":{"loc":{"start":{"line":104,"column":16},"end":{"line":104,"column":85}},"type":"binary-expr","locations":[{"start":{"line":104,"column":16},"end":{"line":104,"column":43}},{"start":{"line":104,"column":47},"end":{"line":104,"column":85}}],"line":104},"12":{"loc":{"start":{"line":106,"column":2},"end":{"line":108,"column":3}},"type":"if","locations":[{"start":{"line":106,"column":2},"end":{"line":108,"column":3}},{"start":{},"end":{}}],"line":106},"13":{"loc":{"start":{"line":110,"column":21},"end":{"line":110,"column":77}},"type":"cond-expr","locations":[{"start":{"line":110,"column":51},"end":{"line":110,"column":69}},{"start":{"line":110,"column":72},"end":{"line":110,"column":77}}],"line":110},"14":{"loc":{"start":{"line":113,"column":2},"end":{"line":115,"column":3}},"type":"if","locations":[{"start":{"line":113,"column":2},"end":{"line":115,"column":3}},{"start":{},"end":{}}],"line":113}},"s":{"0":2,"1":2,"2":2,"3":6,"4":20,"5":20,"6":3,"7":23,"8":0,"9":0,"10":23,"11":23,"12":3,"13":20,"14":20,"15":20,"16":3,"17":17,"18":17,"19":5,"20":12,"21":0,"22":12,"23":0,"24":12,"25":0,"26":12,"27":0,"28":0,"29":0,"30":0,"31":0,"32":0,"33":0,"34":0,"35":0,"36":0,"37":0,"38":0},"f":{"0":6,"1":20,"2":23,"3":5,"4":12,"5":0},"b":{"0":[2,2],"1":[2,2],"2":[6,0],"3":[0,23],"4":[3,20],"5":[20,0],"6":[3,17],"7":[0,12],"8":[0,12],"9":[0,12],"10":[0,0],"11":[0,0],"12":[0,0],"13":[0,0],"14":[0,0]},"inputSourceMap":null,"_coverageSchema":"1a1c01bbd47fc00a2c39e90264f33305004495a9","hash":"73f02f6cc854b6f91d9ff26b0ec6d02be3a319c6"}
,"/Users/seth/projects/raven/backend/middleware/security.js": {"path":"/Users/seth/projects/raven/backend/middleware/security.js","statementMap":{"0":{"start":{"line":13,"column":2},"end":{"line":29,"column":5}},"1":{"start":{"line":36,"column":26},"end":{"line":49,"column":2}},"2":{"start":{"line":47,"column":4},"end":{"line":47,"column":64}},"3":{"start":{"line":55,"column":27},"end":{"line":64,"column":2}},"4":{"start":{"line":70,"column":32},"end":{"line":79,"column":2}},"5":{"start":{"line":85,"column":28},"end":{"line":94,"column":2}},"6":{"start":{"line":100,"column":20},"end":{"line":100,"column":30}},"7":{"start":{"line":101,"column":30},"end":{"line":101,"column":33}},"8":{"start":{"line":103,"column":2},"end":{"line":113,"column":5}},"9":{"start":{"line":104,"column":21},"end":{"line":104,"column":43}},"10":{"start":{"line":105,"column":27},"end":{"line":105,"column":30}},"11":{"start":{"line":108,"column":4},"end":{"line":112,"column":5}},"12":{"start":{"line":109,"column":6},"end":{"line":109,"column":81}},"13":{"start":{"line":110,"column":11},"end":{"line":112,"column":5}},"14":{"start":{"line":111,"column":6},"end":{"line":111,"column":72}},"15":{"start":{"line":115,"column":2},"end":{"line":115,"column":9}},"16":{"start":{"line":122,"column":2},"end":{"line":122,"column":31}},"17":{"start":{"line":125,"column":16},"end":{"line":125,"column":53}},"18":{"start":{"line":127,"column":2},"end":{"line":130,"column":5}},"19":{"start":{"line":137,"column":2},"end":{"line":140,"column":5}},"20":{"start":{"line":147,"column":2},"end":{"line":161,"column":4}},"21":{"start":{"line":150,"column":6},"end":{"line":150,"column":47}},"22":{"start":{"line":150,"column":19},"end":{"line":150,"column":47}},"23":{"start":{"line":152,"column":6},"end":{"line":156,"column":7}},"24":{"start":{"line":153,"column":8},"end":{"line":153,"column":29}},"25":{"start":{"line":155,"column":8},"end":{"line":155,"column":51}},"26":{"start":{"line":168,"column":2},"end":{"line":173,"column":4}}},"fnMap":{"0":{"name":"setupHelmet","decl":{"start":{"line":12,"column":16},"end":{"line":12,"column":27}},"loc":{"start":{"line":12,"column":30},"end":{"line":30,"column":1}},"line":12},"1":{"name":"(anonymous_1)","decl":{"start":{"line":45,"column":8},"end":{"line":45,"column":9}},"loc":{"start":{"line":45,"column":17},"end":{"line":48,"column":3}},"line":45},"2":{"name":"requestLogger","decl":{"start":{"line":99,"column":16},"end":{"line":99,"column":29}},"loc":{"start":{"line":99,"column":46},"end":{"line":116,"column":1}},"line":99},"3":{"name":"(anonymous_3)","decl":{"start":{"line":103,"column":19},"end":{"line":103,"column":20}},"loc":{"start":{"line":103,"column":25},"end":{"line":113,"column":3}},"line":103},"4":{"name":"errorHandler","decl":{"start":{"line":121,"column":16},"end":{"line":121,"column":28}},"loc":{"start":{"line":121,"column":50},"end":{"line":131,"column":1}},"line":121},"5":{"name":"notFoundHandler","decl":{"start":{"line":136,"column":16},"end":{"line":136,"column":31}},"loc":{"start":{"line":136,"column":42},"end":{"line":141,"column":1}},"line":136},"6":{"name":"setupCORS","decl":{"start":{"line":146,"column":16},"end":{"line":146,"column":25}},"loc":{"start":{"line":146,"column":42},"end":{"line":162,"column":1}},"line":146},"7":{"name":"(anonymous_7)","decl":{"start":{"line":148,"column":12},"end":{"line":148,"column":13}},"loc":{"start":{"line":148,"column":34},"end":{"line":157,"column":5}},"line":148},"8":{"name":"setupRequestSizeLimit","decl":{"start":{"line":167,"column":16},"end":{"line":167,"column":37}},"loc":{"start":{"line":167,"column":40},"end":{"line":174,"column":1}},"line":167}},"branchMap":{"0":{"loc":{"start":{"line":47,"column":11},"end":{"line":47,"column":63}},"type":"binary-expr","locations":[{"start":{"line":47,"column":11},"end":{"line":47,"column":33}},{"start":{"line":47,"column":37},"end":{"line":47,"column":63}}],"line":47},"1":{"loc":{"start":{"line":108,"column":4},"end":{"line":112,"column":5}},"type":"if","locations":[{"start":{"line":108,"column":4},"end":{"line":112,"column":5}},{"start":{"line":110,"column":11},"end":{"line":112,"column":5}}],"line":108},"2":{"loc":{"start":{"line":110,"column":11},"end":{"line":112,"column":5}},"type":"if","locations":[{"start":{"line":110,"column":11},"end":{"line":112,"column":5}},{"start":{},"end":{}}],"line":110},"3":{"loc":{"start":{"line":127,"column":13},"end":{"line":127,"column":30}},"type":"binary-expr","locations":[{"start":{"line":127,"column":13},"end":{"line":127,"column":23}},{"start":{"line":127,"column":27},"end":{"line":127,"column":30}}],"line":127},"4":{"loc":{"start":{"line":128,"column":11},"end":{"line":128,"column":49}},"type":"binary-expr","locations":[{"start":{"line":128,"column":11},"end":{"line":128,"column":22}},{"start":{"line":128,"column":26},"end":{"line":128,"column":49}}],"line":128},"5":{"loc":{"start":{"line":129,"column":8},"end":{"line":129,"column":37}},"type":"binary-expr","locations":[{"start":{"line":129,"column":8},"end":{"line":129,"column":13}},{"start":{"line":129,"column":17},"end":{"line":129,"column":37}}],"line":129},"6":{"loc":{"start":{"line":150,"column":6},"end":{"line":150,"column":47}},"type":"if","locations":[{"start":{"line":150,"column":6},"end":{"line":150,"column":47}},{"start":{},"end":{}}],"line":150},"7":{"loc":{"start":{"line":152,"column":6},"end":{"line":156,"column":7}},"type":"if","locations":[{"start":{"line":152,"column":6},"end":{"line":156,"column":7}},{"start":{"line":154,"column":13},"end":{"line":156,"column":7}}],"line":152},"8":{"loc":{"start":{"line":152,"column":10},"end":{"line":152,"column":73}},"type":"binary-expr","locations":[{"start":{"line":152,"column":10},"end":{"line":152,"column":41}},{"start":{"line":152,"column":45},"end":{"line":152,"column":73}}],"line":152}},"s":{"0":0,"1":1,"2":0,"3":1,"4":1,"5":1,"6":0,"7":0,"8":0,"9":0,"10":0,"11":0,"12":0,"13":0,"14":0,"15":0,"16":0,"17":0,"18":0,"19":0,"20":0,"21":0,"22":0,"23":0,"24":0,"25":0,"26":0},"f":{"0":0,"1":0,"2":0,"3":0,"4":0,"5":0,"6":0,"7":0,"8":0},"b":{"0":[0,0],"1":[0,0],"2":[0,0],"3":[0,0],"4":[0,0],"5":[0,0],"6":[0,0],"7":[0,0],"8":[0,0]},"inputSourceMap":null,"_coverageSchema":"1a1c01bbd47fc00a2c39e90264f33305004495a9","hash":"adad6b16b361b2d7d5467ccb5ef2d146025fd7b0"}
,"/Users/seth/projects/raven/backend/middleware/validation.js": {"path":"/Users/seth/projects/raven/backend/middleware/validation.js","statementMap":{"0":{"start":{"line":13,"column":2},"end":{"line":13,"column":29}},"1":{"start":{"line":13,"column":17},"end":{"line":13,"column":29}},"2":{"start":{"line":16,"column":21},"end":{"line":16,"column":45}},"3":{"start":{"line":19,"column":2},"end":{"line":22,"column":3}},"4":{"start":{"line":21,"column":4},"end":{"line":21,"column":22}},"5":{"start":{"line":25,"column":2},"end":{"line":27,"column":3}},"6":{"start":{"line":26,"column":4},"end":{"line":26,"column":47}},"7":{"start":{"line":29,"column":2},"end":{"line":29,"column":20}},"8":{"start":{"line":35,"column":23},"end":{"line":153,"column":1}},"9":{"start":{"line":58,"column":25},"end":{"line":58,"column":48}},"10":{"start":{"line":65,"column":25},"end":{"line":65,"column":48}},"11":{"start":{"line":159,"column":2},"end":{"line":193,"column":4}},"12":{"start":{"line":160,"column":19},"end":{"line":160,"column":38}},"13":{"start":{"line":161,"column":4},"end":{"line":163,"column":5}},"14":{"start":{"line":162,"column":6},"end":{"line":162,"column":74}},"15":{"start":{"line":165,"column":17},"end":{"line":168,"column":25}},"16":{"start":{"line":170,"column":29},"end":{"line":173,"column":6}},"17":{"start":{"line":175,"column":4},"end":{"line":185,"column":5}},"18":{"start":{"line":176,"column":21},"end":{"line":179,"column":9}},"19":{"start":{"line":176,"column":50},"end":{"line":179,"column":7}},"20":{"start":{"line":181,"column":6},"end":{"line":184,"column":9}},"21":{"start":{"line":188,"column":4},"end":{"line":190,"column":53}},"22":{"start":{"line":188,"column":27},"end":{"line":188,"column":44}},"23":{"start":{"line":189,"column":9},"end":{"line":190,"column":53}},"24":{"start":{"line":189,"column":33},"end":{"line":189,"column":51}},"25":{"start":{"line":190,"column":9},"end":{"line":190,"column":53}},"26":{"start":{"line":190,"column":34},"end":{"line":190,"column":53}},"27":{"start":{"line":192,"column":4},"end":{"line":192,"column":11}},"28":{"start":{"line":200,"column":2},"end":{"line":213,"column":3}},"29":{"start":{"line":201,"column":4},"end":{"line":203,"column":5}},"30":{"start":{"line":202,"column":6},"end":{"line":202,"column":62}},"31":{"start":{"line":204,"column":4},"end":{"line":206,"column":5}},"32":{"start":{"line":205,"column":6},"end":{"line":205,"column":64}},"33":{"start":{"line":207,"column":4},"end":{"line":209,"column":5}},"34":{"start":{"line":208,"column":6},"end":{"line":208,"column":66}},"35":{"start":{"line":210,"column":4},"end":{"line":210,"column":11}},"36":{"start":{"line":212,"column":4},"end":{"line":212,"column":51}}},"fnMap":{"0":{"name":"sanitizeFilePath","decl":{"start":{"line":12,"column":16},"end":{"line":12,"column":32}},"loc":{"start":{"line":12,"column":43},"end":{"line":30,"column":1}},"line":12},"1":{"name":"(anonymous_1)","decl":{"start":{"line":58,"column":14},"end":{"line":58,"column":15}},"loc":{"start":{"line":58,"column":25},"end":{"line":58,"column":48}},"line":58},"2":{"name":"(anonymous_2)","decl":{"start":{"line":65,"column":14},"end":{"line":65,"column":15}},"loc":{"start":{"line":65,"column":25},"end":{"line":65,"column":48}},"line":65},"3":{"name":"validate","decl":{"start":{"line":158,"column":16},"end":{"line":158,"column":24}},"loc":{"start":{"line":158,"column":54},"end":{"line":194,"column":1}},"line":158},"4":{"name":"(anonymous_4)","decl":{"start":{"line":159,"column":9},"end":{"line":159,"column":10}},"loc":{"start":{"line":159,"column":29},"end":{"line":193,"column":3}},"line":159},"5":{"name":"(anonymous_5)","decl":{"start":{"line":176,"column":39},"end":{"line":176,"column":40}},"loc":{"start":{"line":176,"column":50},"end":{"line":179,"column":7}},"line":176},"6":{"name":"validateFilePath","decl":{"start":{"line":199,"column":16},"end":{"line":199,"column":32}},"loc":{"start":{"line":199,"column":49},"end":{"line":214,"column":1}},"line":199}},"branchMap":{"0":{"loc":{"start":{"line":13,"column":2},"end":{"line":13,"column":29}},"type":"if","locations":[{"start":{"line":13,"column":2},"end":{"line":13,"column":29}},{"start":{},"end":{}}],"line":13},"1":{"loc":{"start":{"line":19,"column":2},"end":{"line":22,"column":3}},"type":"if","locations":[{"start":{"line":19,"column":2},"end":{"line":22,"column":3}},{"start":{},"end":{}}],"line":19},"2":{"loc":{"start":{"line":25,"column":2},"end":{"line":27,"column":3}},"type":"if","locations":[{"start":{"line":25,"column":2},"end":{"line":27,"column":3}},{"start":{},"end":{}}],"line":25},"3":{"loc":{"start":{"line":158,"column":37},"end":{"line":158,"column":52}},"type":"default-arg","locations":[{"start":{"line":158,"column":46},"end":{"line":158,"column":52}}],"line":158},"4":{"loc":{"start":{"line":161,"column":4},"end":{"line":163,"column":5}},"type":"if","locations":[{"start":{"line":161,"column":4},"end":{"line":163,"column":5}},{"start":{},"end":{}}],"line":161},"5":{"loc":{"start":{"line":165,"column":17},"end":{"line":168,"column":25}},"type":"cond-expr","locations":[{"start":{"line":165,"column":37},"end":{"line":165,"column":45}},{"start":{"line":166,"column":17},"end":{"line":168,"column":25}}],"line":165},"6":{"loc":{"start":{"line":166,"column":17},"end":{"line":168,"column":25}},"type":"cond-expr","locations":[{"start":{"line":166,"column":38},"end":{"line":166,"column":47}},{"start":{"line":167,"column":17},"end":{"line":168,"column":25}}],"line":166},"7":{"loc":{"start":{"line":167,"column":17},"end":{"line":168,"column":25}},"type":"cond-expr","locations":[{"start":{"line":167,"column":39},"end":{"line":167,"column":49}},{"start":{"line":168,"column":17},"end":{"line":168,"column":25}}],"line":167},"8":{"loc":{"start":{"line":175,"column":4},"end":{"line":185,"column":5}},"type":"if","locations":[{"start":{"line":175,"column":4},"end":{"line":185,"column":5}},{"start":{},"end":{}}],"line":175},"9":{"loc":{"start":{"line":188,"column":4},"end":{"line":190,"column":53}},"type":"if","locations":[{"start":{"line":188,"column":4},"end":{"line":190,"column":53}},{"start":{"line":189,"column":9},"end":{"line":190,"column":53}}],"line":188},"10":{"loc":{"start":{"line":189,"column":9},"end":{"line":190,"column":53}},"type":"if","locations":[{"start":{"line":189,"column":9},"end":{"line":190,"column":53}},{"start":{"line":190,"column":9},"end":{"line":190,"column":53}}],"line":189},"11":{"loc":{"start":{"line":190,"column":9},"end":{"line":190,"column":53}},"type":"if","locations":[{"start":{"line":190,"column":9},"end":{"line":190,"column":53}},{"start":{},"end":{}}],"line":190},"12":{"loc":{"start":{"line":201,"column":4},"end":{"line":203,"column":5}},"type":"if","locations":[{"start":{"line":201,"column":4},"end":{"line":203,"column":5}},{"start":{},"end":{}}],"line":201},"13":{"loc":{"start":{"line":204,"column":4},"end":{"line":206,"column":5}},"type":"if","locations":[{"start":{"line":204,"column":4},"end":{"line":206,"column":5}},{"start":{},"end":{}}],"line":204},"14":{"loc":{"start":{"line":207,"column":4},"end":{"line":209,"column":5}},"type":"if","locations":[{"start":{"line":207,"column":4},"end":{"line":209,"column":5}},{"start":{},"end":{}}],"line":207}},"s":{"0":12,"1":2,"2":10,"3":10,"4":1,"5":9,"6":2,"7":7,"8":2,"9":1,"10":2,"11":3,"12":14,"13":14,"14":0,"15":14,"16":14,"17":14,"18":2,"19":3,"20":2,"21":12,"22":12,"23":0,"24":0,"25":0,"26":0,"27":12,"28":0,"29":0,"30":0,"31":0,"32":0,"33":0,"34":0,"35":0,"36":0},"f":{"0":12,"1":1,"2":2,"3":3,"4":14,"5":3,"6":0},"b":{"0":[2,10],"1":[1,9],"2":[2,7],"3":[3],"4":[0,14],"5":[14,0],"6":[0,0],"7":[0,0],"8":[2,12],"9":[12,0],"10":[0,0],"11":[0,0],"12":[0,0],"13":[0,0],"14":[0,0]},"inputSourceMap":null,"_coverageSchema":"1a1c01bbd47fc00a2c39e90264f33305004495a9","hash":"8740cedb52aadb53d01fa378439d7a5c0d9d6352"}
,"/Users/seth/projects/raven/backend/routes/auth.js": {"path":"/Users/seth/projects/raven/backend/routes/auth.js","statementMap":{"0":{"start":{"line":11,"column":17},"end":{"line":11,"column":33}},"1":{"start":{"line":17,"column":2},"end":{"line":33,"column":5}},"2":{"start":{"line":18,"column":4},"end":{"line":32,"column":5}},"3":{"start":{"line":19,"column":37},"end":{"line":19,"column":45}},"4":{"start":{"line":20,"column":21},"end":{"line":20,"column":71}},"5":{"start":{"line":22,"column":6},"end":{"line":26,"column":9}},"6":{"start":{"line":28,"column":6},"end":{"line":31,"column":9}},"7":{"start":{"line":39,"column":2},"end":{"line":60,"column":4}},"8":{"start":{"line":44,"column":6},"end":{"line":58,"column":7}},"9":{"start":{"line":45,"column":45},"end":{"line":45,"column":53}},"10":{"start":{"line":46,"column":23},"end":{"line":46,"column":77}},"11":{"start":{"line":48,"column":8},"end":{"line":52,"column":11}},"12":{"start":{"line":54,"column":8},"end":{"line":57,"column":11}},"13":{"start":{"line":66,"column":2},"end":{"line":85,"column":4}},"14":{"start":{"line":70,"column":6},"end":{"line":83,"column":7}},"15":{"start":{"line":71,"column":45},"end":{"line":71,"column":53}},"16":{"start":{"line":72,"column":8},"end":{"line":72,"column":80}},"17":{"start":{"line":74,"column":8},"end":{"line":77,"column":11}},"18":{"start":{"line":79,"column":8},"end":{"line":82,"column":11}},"19":{"start":{"line":91,"column":2},"end":{"line":111,"column":5}},"20":{"start":{"line":92,"column":17},"end":{"line":92,"column":53}},"21":{"start":{"line":94,"column":4},"end":{"line":99,"column":5}},"22":{"start":{"line":95,"column":6},"end":{"line":98,"column":9}},"23":{"start":{"line":101,"column":4},"end":{"line":110,"column":7}},"24":{"start":{"line":117,"column":2},"end":{"line":135,"column":4}},"25":{"start":{"line":121,"column":20},"end":{"line":121,"column":45}},"26":{"start":{"line":123,"column":6},"end":{"line":133,"column":9}},"27":{"start":{"line":125,"column":31},"end":{"line":132,"column":9}},"28":{"start":{"line":141,"column":2},"end":{"line":169,"column":4}},"29":{"start":{"line":145,"column":6},"end":{"line":167,"column":7}},"30":{"start":{"line":146,"column":23},"end":{"line":146,"column":46}},"31":{"start":{"line":147,"column":25},"end":{"line":147,"column":33}},"32":{"start":{"line":149,"column":8},"end":{"line":154,"column":9}},"33":{"start":{"line":150,"column":10},"end":{"line":153,"column":13}},"34":{"start":{"line":156,"column":8},"end":{"line":156,"column":49}},"35":{"start":{"line":158,"column":8},"end":{"line":161,"column":11}},"36":{"start":{"line":163,"column":8},"end":{"line":166,"column":11}},"37":{"start":{"line":175,"column":2},"end":{"line":203,"column":4}},"38":{"start":{"line":179,"column":6},"end":{"line":201,"column":7}},"39":{"start":{"line":180,"column":23},"end":{"line":180,"column":46}},"40":{"start":{"line":181,"column":27},"end":{"line":181,"column":35}},"41":{"start":{"line":183,"column":8},"end":{"line":188,"column":9}},"42":{"start":{"line":184,"column":10},"end":{"line":187,"column":13}},"43":{"start":{"line":190,"column":8},"end":{"line":190,"column":50}},"44":{"start":{"line":192,"column":8},"end":{"line":195,"column":11}},"45":{"start":{"line":197,"column":8},"end":{"line":200,"column":11}},"46":{"start":{"line":209,"column":2},"end":{"line":237,"column":4}},"47":{"start":{"line":213,"column":6},"end":{"line":235,"column":7}},"48":{"start":{"line":214,"column":23},"end":{"line":214,"column":46}},"49":{"start":{"line":217,"column":8},"end":{"line":222,"column":9}},"50":{"start":{"line":218,"column":10},"end":{"line":221,"column":13}},"51":{"start":{"line":224,"column":8},"end":{"line":224,"column":39}},"52":{"start":{"line":226,"column":8},"end":{"line":229,"column":11}},"53":{"start":{"line":231,"column":8},"end":{"line":234,"column":11}},"54":{"start":{"line":239,"column":2},"end":{"line":239,"column":16}}},"fnMap":{"0":{"name":"createAuthRoutes","decl":{"start":{"line":10,"column":16},"end":{"line":10,"column":32}},"loc":{"start":{"line":10,"column":46},"end":{"line":240,"column":1}},"line":10},"1":{"name":"(anonymous_1)","decl":{"start":{"line":17,"column":56},"end":{"line":17,"column":57}},"loc":{"start":{"line":17,"column":76},"end":{"line":33,"column":3}},"line":17},"2":{"name":"(anonymous_2)","decl":{"start":{"line":43,"column":4},"end":{"line":43,"column":5}},"loc":{"start":{"line":43,"column":24},"end":{"line":59,"column":5}},"line":43},"3":{"name":"(anonymous_3)","decl":{"start":{"line":69,"column":4},"end":{"line":69,"column":5}},"loc":{"start":{"line":69,"column":24},"end":{"line":84,"column":5}},"line":69},"4":{"name":"(anonymous_4)","decl":{"start":{"line":91,"column":34},"end":{"line":91,"column":35}},"loc":{"start":{"line":91,"column":48},"end":{"line":111,"column":3}},"line":91},"5":{"name":"(anonymous_5)","decl":{"start":{"line":120,"column":4},"end":{"line":120,"column":5}},"loc":{"start":{"line":120,"column":18},"end":{"line":134,"column":5}},"line":120},"6":{"name":"(anonymous_6)","decl":{"start":{"line":125,"column":25},"end":{"line":125,"column":26}},"loc":{"start":{"line":125,"column":31},"end":{"line":132,"column":9}},"line":125},"7":{"name":"(anonymous_7)","decl":{"start":{"line":144,"column":4},"end":{"line":144,"column":5}},"loc":{"start":{"line":144,"column":24},"end":{"line":168,"column":5}},"line":144},"8":{"name":"(anonymous_8)","decl":{"start":{"line":178,"column":4},"end":{"line":178,"column":5}},"loc":{"start":{"line":178,"column":24},"end":{"line":202,"column":5}},"line":178},"9":{"name":"(anonymous_9)","decl":{"start":{"line":212,"column":4},"end":{"line":212,"column":5}},"loc":{"start":{"line":212,"column":24},"end":{"line":236,"column":5}},"line":212}},"branchMap":{"0":{"loc":{"start":{"line":94,"column":4},"end":{"line":99,"column":5}},"type":"if","locations":[{"start":{"line":94,"column":4},"end":{"line":99,"column":5}},{"start":{},"end":{}}],"line":94},"1":{"loc":{"start":{"line":149,"column":8},"end":{"line":154,"column":9}},"type":"if","locations":[{"start":{"line":149,"column":8},"end":{"line":154,"column":9}},{"start":{},"end":{}}],"line":149},"2":{"loc":{"start":{"line":183,"column":8},"end":{"line":188,"column":9}},"type":"if","locations":[{"start":{"line":183,"column":8},"end":{"line":188,"column":9}},{"start":{},"end":{}}],"line":183},"3":{"loc":{"start":{"line":194,"column":27},"end":{"line":194,"column":58}},"type":"cond-expr","locations":[{"start":{"line":194,"column":36},"end":{"line":194,"column":45}},{"start":{"line":194,"column":48},"end":{"line":194,"column":58}}],"line":194},"4":{"loc":{"start":{"line":217,"column":8},"end":{"line":222,"column":9}},"type":"if","locations":[{"start":{"line":217,"column":8},"end":{"line":222,"column":9}},{"start":{},"end":{}}],"line":217}},"s":{"0":1,"1":1,"2":4,"3":4,"4":4,"5":2,"6":2,"7":1,"8":5,"9":5,"10":5,"11":4,"12":1,"13":1,"14":3,"15":3,"16":3,"17":2,"18":1,"19":1,"20":2,"21":2,"22":0,"23":2,"24":1,"25":1,"26":1,"27":2,"28":1,"29":1,"30":1,"31":1,"32":1,"33":0,"34":1,"35":1,"36":0,"37":1,"38":2,"39":2,"40":2,"41":2,"42":0,"43":2,"44":2,"45":0,"46":1,"47":2,"48":2,"49":2,"50":1,"51":1,"52":1,"53":0,"54":1},"f":{"0":1,"1":4,"2":5,"3":3,"4":2,"5":1,"6":2,"7":1,"8":2,"9":2},"b":{"0":[0,2],"1":[0,1],"2":[0,2],"3":[1,1],"4":[1,1]},"inputSourceMap":null,"_coverageSchema":"1a1c01bbd47fc00a2c39e90264f33305004495a9","hash":"8490a9d1595f53cf51631bfd7c948461dc6e7d2d"}
,"/Users/seth/projects/raven/backend/services/auth-service.js": {"path":"/Users/seth/projects/raven/backend/services/auth-service.js","statementMap":{"0":{"start":{"line":9,"column":20},"end":{"line":9,"column":22}},"1":{"start":{"line":13,"column":4},"end":{"line":13,"column":17}},"2":{"start":{"line":14,"column":4},"end":{"line":14,"column":28}},"3":{"start":{"line":21,"column":4},"end":{"line":31,"column":7}},"4":{"start":{"line":33,"column":4},"end":{"line":36,"column":7}},"5":{"start":{"line":39,"column":22},"end":{"line":39,"column":82}},"6":{"start":{"line":40,"column":4},"end":{"line":42,"column":5}},"7":{"start":{"line":41,"column":6},"end":{"line":41,"column":32}},"8":{"start":{"line":49,"column":28},"end":{"line":49,"column":68}},"9":{"start":{"line":50,"column":4},"end":{"line":50,"column":51}},"10":{"start":{"line":51,"column":4},"end":{"line":51,"column":38}},"11":{"start":{"line":52,"column":4},"end":{"line":52,"column":51}},"12":{"start":{"line":53,"column":4},"end":{"line":53,"column":60}},"13":{"start":{"line":55,"column":4},"end":{"line":55,"column":61}},"14":{"start":{"line":63,"column":4},"end":{"line":65,"column":5}},"15":{"start":{"line":64,"column":6},"end":{"line":64,"column":64}},"16":{"start":{"line":68,"column":4},"end":{"line":70,"column":5}},"17":{"start":{"line":69,"column":6},"end":{"line":69,"column":64}},"18":{"start":{"line":73,"column":21},"end":{"line":73,"column":93}},"19":{"start":{"line":74,"column":4},"end":{"line":76,"column":5}},"20":{"start":{"line":75,"column":6},"end":{"line":75,"column":49}},"21":{"start":{"line":79,"column":25},"end":{"line":79,"column":65}},"22":{"start":{"line":82,"column":17},"end":{"line":85,"column":6}},"23":{"start":{"line":87,"column":19},"end":{"line":92,"column":5}},"24":{"start":{"line":94,"column":4},"end":{"line":94,"column":34}},"25":{"start":{"line":101,"column":17},"end":{"line":105,"column":20}},"26":{"start":{"line":107,"column":4},"end":{"line":109,"column":5}},"27":{"start":{"line":108,"column":6},"end":{"line":108,"column":54}},"28":{"start":{"line":111,"column":4},"end":{"line":113,"column":5}},"29":{"start":{"line":112,"column":6},"end":{"line":112,"column":45}},"30":{"start":{"line":115,"column":18},"end":{"line":115,"column":68}},"31":{"start":{"line":116,"column":4},"end":{"line":118,"column":5}},"32":{"start":{"line":117,"column":6},"end":{"line":117,"column":54}},"33":{"start":{"line":121,"column":4},"end":{"line":122,"column":46}},"34":{"start":{"line":125,"column":18},"end":{"line":125,"column":37}},"35":{"start":{"line":127,"column":4},"end":{"line":134,"column":6}},"36":{"start":{"line":141,"column":17},"end":{"line":145,"column":18}},"37":{"start":{"line":147,"column":4},"end":{"line":149,"column":5}},"38":{"start":{"line":148,"column":6},"end":{"line":148,"column":40}},"39":{"start":{"line":151,"column":18},"end":{"line":151,"column":71}},"40":{"start":{"line":152,"column":4},"end":{"line":154,"column":5}},"41":{"start":{"line":153,"column":6},"end":{"line":153,"column":50}},"42":{"start":{"line":156,"column":4},"end":{"line":158,"column":5}},"43":{"start":{"line":157,"column":6},"end":{"line":157,"column":68}},"44":{"start":{"line":160,"column":20},"end":{"line":160,"column":63}},"45":{"start":{"line":162,"column":4},"end":{"line":163,"column":28}},"46":{"start":{"line":165,"column":4},"end":{"line":165,"column":16}},"47":{"start":{"line":172,"column":4},"end":{"line":176,"column":15}},"48":{"start":{"line":183,"column":4},"end":{"line":187,"column":13}},"49":{"start":{"line":194,"column":23},"end":{"line":194,"column":50}},"50":{"start":{"line":195,"column":4},"end":{"line":197,"column":5}},"51":{"start":{"line":196,"column":6},"end":{"line":196,"column":38}},"52":{"start":{"line":199,"column":4},"end":{"line":200,"column":28}},"53":{"start":{"line":202,"column":4},"end":{"line":202,"column":16}},"54":{"start":{"line":209,"column":4},"end":{"line":210,"column":35}},"55":{"start":{"line":212,"column":4},"end":{"line":212,"column":16}},"56":{"start":{"line":220,"column":23},"end":{"line":224,"column":12}},"57":{"start":{"line":226,"column":17},"end":{"line":226,"column":41}},"58":{"start":{"line":227,"column":4},"end":{"line":229,"column":5}},"59":{"start":{"line":228,"column":6},"end":{"line":228,"column":59}},"60":{"start":{"line":231,"column":4},"end":{"line":231,"column":66}},"61":{"start":{"line":232,"column":4},"end":{"line":232,"column":16}}},"fnMap":{"0":{"name":"(anonymous_0)","decl":{"start":{"line":12,"column":2},"end":{"line":12,"column":3}},"loc":{"start":{"line":12,"column":18},"end":{"line":15,"column":3}},"line":12},"1":{"name":"(anonymous_1)","decl":{"start":{"line":20,"column":2},"end":{"line":20,"column":3}},"loc":{"start":{"line":20,"column":21},"end":{"line":43,"column":3}},"line":20},"2":{"name":"(anonymous_2)","decl":{"start":{"line":48,"column":2},"end":{"line":48,"column":3}},"loc":{"start":{"line":48,"column":29},"end":{"line":56,"column":3}},"line":48},"3":{"name":"(anonymous_3)","decl":{"start":{"line":61,"column":2},"end":{"line":61,"column":3}},"loc":{"start":{"line":61,"column":54},"end":{"line":95,"column":3}},"line":61},"4":{"name":"(anonymous_4)","decl":{"start":{"line":100,"column":2},"end":{"line":100,"column":3}},"loc":{"start":{"line":100,"column":41},"end":{"line":135,"column":3}},"line":100},"5":{"name":"(anonymous_5)","decl":{"start":{"line":140,"column":2},"end":{"line":140,"column":3}},"loc":{"start":{"line":140,"column":57},"end":{"line":166,"column":3}},"line":140},"6":{"name":"(anonymous_6)","decl":{"start":{"line":171,"column":2},"end":{"line":171,"column":3}},"loc":{"start":{"line":171,"column":18},"end":{"line":177,"column":3}},"line":171},"7":{"name":"(anonymous_7)","decl":{"start":{"line":182,"column":2},"end":{"line":182,"column":3}},"loc":{"start":{"line":182,"column":16},"end":{"line":188,"column":3}},"line":182},"8":{"name":"(anonymous_8)","decl":{"start":{"line":193,"column":2},"end":{"line":193,"column":3}},"loc":{"start":{"line":193,"column":34},"end":{"line":203,"column":3}},"line":193},"9":{"name":"(anonymous_9)","decl":{"start":{"line":208,"column":2},"end":{"line":208,"column":3}},"loc":{"start":{"line":208,"column":32},"end":{"line":213,"column":3}},"line":208},"10":{"name":"(anonymous_10)","decl":{"start":{"line":218,"column":2},"end":{"line":218,"column":3}},"loc":{"start":{"line":218,"column":21},"end":{"line":233,"column":3}},"line":218}},"branchMap":{"0":{"loc":{"start":{"line":40,"column":4},"end":{"line":42,"column":5}},"type":"if","locations":[{"start":{"line":40,"column":4},"end":{"line":42,"column":5}},{"start":{},"end":{}}],"line":40},"1":{"loc":{"start":{"line":49,"column":28},"end":{"line":49,"column":68}},"type":"binary-expr","locations":[{"start":{"line":49,"column":28},"end":{"line":49,"column":54}},{"start":{"line":49,"column":58},"end":{"line":49,"column":68}}],"line":49},"2":{"loc":{"start":{"line":61,"column":39},"end":{"line":61,"column":52}},"type":"default-arg","locations":[{"start":{"line":61,"column":46},"end":{"line":61,"column":52}}],"line":61},"3":{"loc":{"start":{"line":63,"column":4},"end":{"line":65,"column":5}},"type":"if","locations":[{"start":{"line":63,"column":4},"end":{"line":65,"column":5}},{"start":{},"end":{}}],"line":63},"4":{"loc":{"start":{"line":63,"column":8},"end":{"line":63,"column":40}},"type":"binary-expr","locations":[{"start":{"line":63,"column":8},"end":{"line":63,"column":17}},{"start":{"line":63,"column":21},"end":{"line":63,"column":40}}],"line":63},"5":{"loc":{"start":{"line":68,"column":4},"end":{"line":70,"column":5}},"type":"if","locations":[{"start":{"line":68,"column":4},"end":{"line":70,"column":5}},{"start":{},"end":{}}],"line":68},"6":{"loc":{"start":{"line":68,"column":8},"end":{"line":68,"column":40}},"type":"binary-expr","locations":[{"start":{"line":68,"column":8},"end":{"line":68,"column":17}},{"start":{"line":68,"column":21},"end":{"line":68,"column":40}}],"line":68},"7":{"loc":{"start":{"line":74,"column":4},"end":{"line":76,"column":5}},"type":"if","locations":[{"start":{"line":74,"column":4},"end":{"line":76,"column":5}},{"start":{},"end":{}}],"line":74},"8":{"loc":{"start":{"line":107,"column":4},"end":{"line":109,"column":5}},"type":"if","locations":[{"start":{"line":107,"column":4},"end":{"line":109,"column":5}},{"start":{},"end":{}}],"line":107},"9":{"loc":{"start":{"line":111,"column":4},"end":{"line":113,"column":5}},"type":"if","locations":[{"start":{"line":111,"column":4},"end":{"line":113,"column":5}},{"start":{},"end":{}}],"line":111},"10":{"loc":{"start":{"line":116,"column":4},"end":{"line":118,"column":5}},"type":"if","locations":[{"start":{"line":116,"column":4},"end":{"line":118,"column":5}},{"start":{},"end":{}}],"line":116},"11":{"loc":{"start":{"line":147,"column":4},"end":{"line":149,"column":5}},"type":"if","locations":[{"start":{"line":147,"column":4},"end":{"line":149,"column":5}},{"start":{},"end":{}}],"line":147},"12":{"loc":{"start":{"line":152,"column":4},"end":{"line":154,"column":5}},"type":"if","locations":[{"start":{"line":152,"column":4},"end":{"line":154,"column":5}},{"start":{},"end":{}}],"line":152},"13":{"loc":{"start":{"line":156,"column":4},"end":{"line":158,"column":5}},"type":"if","locations":[{"start":{"line":156,"column":4},"end":{"line":158,"column":5}},{"start":{},"end":{}}],"line":156},"14":{"loc":{"start":{"line":156,"column":8},"end":{"line":156,"column":46}},"type":"binary-expr","locations":[{"start":{"line":156,"column":8},"end":{"line":156,"column":20}},{"start":{"line":156,"column":24},"end":{"line":156,"column":46}}],"line":156},"15":{"loc":{"start":{"line":195,"column":4},"end":{"line":197,"column":5}},"type":"if","locations":[{"start":{"line":195,"column":4},"end":{"line":197,"column":5}},{"start":{},"end":{}}],"line":195},"16":{"loc":{"start":{"line":210,"column":11},"end":{"line":210,"column":25}},"type":"cond-expr","locations":[{"start":{"line":210,"column":20},"end":{"line":210,"column":21}},{"start":{"line":210,"column":24},"end":{"line":210,"column":25}}],"line":210},"17":{"loc":{"start":{"line":227,"column":4},"end":{"line":229,"column":5}},"type":"if","locations":[{"start":{"line":227,"column":4},"end":{"line":229,"column":5}},{"start":{},"end":{}}],"line":227},"18":{"loc":{"start":{"line":227,"column":8},"end":{"line":227,"column":54}},"type":"binary-expr","locations":[{"start":{"line":227,"column":8},"end":{"line":227,"column":29}},{"start":{"line":227,"column":33},"end":{"line":227,"column":54}}],"line":227}},"s":{"0":2,"1":22,"2":22,"3":22,"4":22,"5":22,"6":22,"7":22,"8":22,"9":22,"10":22,"11":22,"12":22,"13":22,"14":49,"15":1,"16":48,"17":1,"18":47,"19":47,"20":2,"21":45,"22":45,"23":45,"24":45,"25":11,"26":11,"27":2,"28":9,"29":1,"30":8,"31":8,"32":2,"33":6,"34":6,"35":6,"36":6,"37":6,"38":0,"39":6,"40":6,"41":2,"42":4,"43":1,"44":3,"45":3,"46":3,"47":11,"48":4,"49":3,"50":3,"51":1,"52":2,"53":2,"54":6,"55":6,"56":3,"57":3,"58":3,"59":1,"60":2,"61":2},"f":{"0":22,"1":22,"2":22,"3":49,"4":11,"5":6,"6":11,"7":4,"8":3,"9":6,"10":3},"b":{"0":[22,0],"1":[22,22],"2":[13],"3":[1,48],"4":[49,49],"5":[1,47],"6":[48,48],"7":[2,45],"8":[2,9],"9":[1,8],"10":[2,6],"11":[0,6],"12":[2,4],"13":[1,3],"14":[4,4],"15":[1,2],"16":[2,4],"17":[1,2],"18":[3,1]},"inputSourceMap":null,"_coverageSchema":"1a1c01bbd47fc00a2c39e90264f33305004495a9","hash":"825c0ea3c2d81ad187965a62af939f10e6accb9d"}
}
