TN:
SF:middleware/auth.js
FN:18,generateToken
FN:33,verifyToken
FN:44,authenticate
FN:73,authorize
FN:74,(anonymous_4)
FN:98,authenticateSocket
FNF:6
FNH:5
FNDA:6,generateToken
FNDA:20,verifyToken
FNDA:23,authenticate
FNDA:5,authorize
FNDA:12,(anonymous_4)
FNDA:0,authenticateSocket
DA:9,2
DA:10,2
DA:13,2
DA:19,6
DA:34,20
DA:35,20
DA:37,3
DA:46,23
DA:47,0
DA:48,0
DA:52,23
DA:53,23
DA:54,3
DA:57,20
DA:61,20
DA:62,20
DA:63,3
DA:66,17
DA:67,17
DA:74,5
DA:75,12
DA:76,0
DA:79,12
DA:80,0
DA:83,12
DA:84,0
DA:91,12
DA:99,0
DA:100,0
DA:101,0
DA:104,0
DA:106,0
DA:107,0
DA:110,0
DA:111,0
DA:113,0
DA:114,0
DA:117,0
DA:118,0
LF:39
LH:22
BRDA:9,0,0,2
BRDA:9,0,1,2
BRDA:10,1,0,2
BRDA:10,1,1,2
BRDA:23,2,0,6
BRDA:23,2,1,0
BRDA:46,3,0,0
BRDA:46,3,1,23
BRDA:53,4,0,3
BRDA:53,4,1,20
BRDA:57,5,0,20
BRDA:57,5,1,0
BRDA:62,6,0,3
BRDA:62,6,1,17
BRDA:75,7,0,0
BRDA:75,7,1,12
BRDA:79,8,0,0
BRDA:79,8,1,12
BRDA:83,9,0,0
BRDA:83,9,1,12
BRDA:99,10,0,0
BRDA:99,10,1,0
BRDA:104,11,0,0
BRDA:104,11,1,0
BRDA:106,12,0,0
BRDA:106,12,1,0
BRDA:110,13,0,0
BRDA:110,13,1,0
BRDA:113,14,0,0
BRDA:113,14,1,0
BRF:30
BRH:14
end_of_record
TN:
SF:middleware/security.js
FN:12,setupHelmet
FN:45,(anonymous_1)
FN:99,requestLogger
FN:103,(anonymous_3)
FN:121,errorHandler
FN:136,notFoundHandler
FN:146,setupCORS
FN:148,(anonymous_7)
FN:167,setupRequestSizeLimit
FNF:9
FNH:0
FNDA:0,setupHelmet
FNDA:0,(anonymous_1)
FNDA:0,requestLogger
FNDA:0,(anonymous_3)
FNDA:0,errorHandler
FNDA:0,notFoundHandler
FNDA:0,setupCORS
FNDA:0,(anonymous_7)
FNDA:0,setupRequestSizeLimit
DA:13,0
DA:36,1
DA:47,0
DA:55,1
DA:70,1
DA:85,1
DA:100,0
DA:101,0
DA:103,0
DA:104,0
DA:105,0
DA:108,0
DA:109,0
DA:110,0
DA:111,0
DA:115,0
DA:122,0
DA:125,0
DA:127,0
DA:137,0
DA:147,0
DA:150,0
DA:152,0
DA:153,0
DA:155,0
DA:168,0
LF:26
LH:4
BRDA:47,0,0,0
BRDA:47,0,1,0
BRDA:108,1,0,0
BRDA:108,1,1,0
BRDA:110,2,0,0
BRDA:110,2,1,0
BRDA:127,3,0,0
BRDA:127,3,1,0
BRDA:128,4,0,0
BRDA:128,4,1,0
BRDA:129,5,0,0
BRDA:129,5,1,0
BRDA:150,6,0,0
BRDA:150,6,1,0
BRDA:152,7,0,0
BRDA:152,7,1,0
BRDA:152,8,0,0
BRDA:152,8,1,0
BRF:18
BRH:0
end_of_record
TN:
SF:middleware/validation.js
FN:12,sanitizeFilePath
FN:58,(anonymous_1)
FN:65,(anonymous_2)
FN:158,validate
FN:159,(anonymous_4)
FN:176,(anonymous_5)
FN:199,validateFilePath
FNF:7
FNH:6
FNDA:12,sanitizeFilePath
FNDA:1,(anonymous_1)
FNDA:2,(anonymous_2)
FNDA:3,validate
FNDA:14,(anonymous_4)
FNDA:3,(anonymous_5)
FNDA:0,validateFilePath
DA:13,12
DA:16,10
DA:19,10
DA:21,1
DA:25,9
DA:26,2
DA:29,7
DA:35,2
DA:58,1
DA:65,2
DA:159,3
DA:160,14
DA:161,14
DA:162,0
DA:165,14
DA:170,14
DA:175,14
DA:176,3
DA:181,2
DA:188,12
DA:189,0
DA:190,0
DA:192,12
DA:200,0
DA:201,0
DA:202,0
DA:204,0
DA:205,0
DA:207,0
DA:208,0
DA:210,0
DA:212,0
LF:32
LH:20
BRDA:13,0,0,2
BRDA:13,0,1,10
BRDA:19,1,0,1
BRDA:19,1,1,9
BRDA:25,2,0,2
BRDA:25,2,1,7
BRDA:158,3,0,3
BRDA:161,4,0,0
BRDA:161,4,1,14
BRDA:165,5,0,14
BRDA:165,5,1,0
BRDA:166,6,0,0
BRDA:166,6,1,0
BRDA:167,7,0,0
BRDA:167,7,1,0
BRDA:175,8,0,2
BRDA:175,8,1,12
BRDA:188,9,0,12
BRDA:188,9,1,0
BRDA:189,10,0,0
BRDA:189,10,1,0
BRDA:190,11,0,0
BRDA:190,11,1,0
BRDA:201,12,0,0
BRDA:201,12,1,0
BRDA:204,13,0,0
BRDA:204,13,1,0
BRDA:207,14,0,0
BRDA:207,14,1,0
BRF:29
BRH:12
end_of_record
TN:
SF:routes/auth.js
FN:10,createAuthRoutes
FN:17,(anonymous_1)
FN:43,(anonymous_2)
FN:69,(anonymous_3)
FN:91,(anonymous_4)
FN:120,(anonymous_5)
FN:125,(anonymous_6)
FN:144,(anonymous_7)
FN:178,(anonymous_8)
FN:212,(anonymous_9)
FNF:10
FNH:10
FNDA:1,createAuthRoutes
FNDA:4,(anonymous_1)
FNDA:5,(anonymous_2)
FNDA:3,(anonymous_3)
FNDA:2,(anonymous_4)
FNDA:1,(anonymous_5)
FNDA:2,(anonymous_6)
FNDA:1,(anonymous_7)
FNDA:2,(anonymous_8)
FNDA:2,(anonymous_9)
DA:11,1
DA:17,1
DA:18,4
DA:19,4
DA:20,4
DA:22,2
DA:28,2
DA:39,1
DA:44,5
DA:45,5
DA:46,5
DA:48,4
DA:54,1
DA:66,1
DA:70,3
DA:71,3
DA:72,3
DA:74,2
DA:79,1
DA:91,1
DA:92,2
DA:94,2
DA:95,0
DA:101,2
DA:117,1
DA:121,1
DA:123,1
DA:125,2
DA:141,1
DA:145,1
DA:146,1
DA:147,1
DA:149,1
DA:150,0
DA:156,1
DA:158,1
DA:163,0
DA:175,1
DA:179,2
DA:180,2
DA:181,2
DA:183,2
DA:184,0
DA:190,2
DA:192,2
DA:197,0
DA:209,1
DA:213,2
DA:214,2
DA:217,2
DA:218,1
DA:224,1
DA:226,1
DA:231,0
DA:239,1
LF:55
LH:49
BRDA:94,0,0,0
BRDA:94,0,1,2
BRDA:149,1,0,0
BRDA:149,1,1,1
BRDA:183,2,0,0
BRDA:183,2,1,2
BRDA:194,3,0,1
BRDA:194,3,1,1
BRDA:217,4,0,1
BRDA:217,4,1,1
BRF:10
BRH:7
end_of_record
TN:
SF:services/auth-service.js
FN:12,(anonymous_0)
FN:20,(anonymous_1)
FN:48,(anonymous_2)
FN:61,(anonymous_3)
FN:100,(anonymous_4)
FN:140,(anonymous_5)
FN:171,(anonymous_6)
FN:182,(anonymous_7)
FN:193,(anonymous_8)
FN:208,(anonymous_9)
FN:218,(anonymous_10)
FNF:11
FNH:11
FNDA:22,(anonymous_0)
FNDA:22,(anonymous_1)
FNDA:22,(anonymous_2)
FNDA:49,(anonymous_3)
FNDA:11,(anonymous_4)
FNDA:6,(anonymous_5)
FNDA:11,(anonymous_6)
FNDA:4,(anonymous_7)
FNDA:3,(anonymous_8)
FNDA:6,(anonymous_9)
FNDA:3,(anonymous_10)
DA:9,2
DA:13,22
DA:14,22
DA:21,22
DA:33,22
DA:39,22
DA:40,22
DA:41,22
DA:49,22
DA:50,22
DA:51,22
DA:52,22
DA:53,22
DA:55,22
DA:63,49
DA:64,1
DA:68,48
DA:69,1
DA:73,47
DA:74,47
DA:75,2
DA:79,45
DA:82,45
DA:87,45
DA:94,45
DA:101,11
DA:107,11
DA:108,2
DA:111,9
DA:112,1
DA:115,8
DA:116,8
DA:117,2
DA:121,6
DA:125,6
DA:127,6
DA:141,6
DA:147,6
DA:148,0
DA:151,6
DA:152,6
DA:153,2
DA:156,4
DA:157,1
DA:160,3
DA:162,3
DA:165,3
DA:172,11
DA:183,4
DA:194,3
DA:195,3
DA:196,1
DA:199,2
DA:202,2
DA:209,6
DA:212,6
DA:220,3
DA:226,3
DA:227,3
DA:228,1
DA:231,2
DA:232,2
LF:62
LH:61
BRDA:40,0,0,22
BRDA:40,0,1,0
BRDA:49,1,0,22
BRDA:49,1,1,22
BRDA:61,2,0,13
BRDA:63,3,0,1
BRDA:63,3,1,48
BRDA:63,4,0,49
BRDA:63,4,1,49
BRDA:68,5,0,1
BRDA:68,5,1,47
BRDA:68,6,0,48
BRDA:68,6,1,48
BRDA:74,7,0,2
BRDA:74,7,1,45
BRDA:107,8,0,2
BRDA:107,8,1,9
BRDA:111,9,0,1
BRDA:111,9,1,8
BRDA:116,10,0,2
BRDA:116,10,1,6
BRDA:147,11,0,0
BRDA:147,11,1,6
BRDA:152,12,0,2
BRDA:152,12,1,4
BRDA:156,13,0,1
BRDA:156,13,1,3
BRDA:156,14,0,4
BRDA:156,14,1,4
BRDA:195,15,0,1
BRDA:195,15,1,2
BRDA:210,16,0,2
BRDA:210,16,1,4
BRDA:227,17,0,1
BRDA:227,17,1,2
BRDA:227,18,0,3
BRDA:227,18,1,1
BRF:37
BRH:35
end_of_record
